<?xml version="1.0" encoding="UTF-8"?>
<testng-results ignored="0" total="3" passed="3" failed="0" skipped="0">
  <reporter-output>
  </reporter-output>
  <suite started-at="2024-12-31T02:25:27 EET" name="BookingReservation" finished-at="2024-12-31T02:25:52 EET" duration-ms="25503">
    <groups>
    </groups>
    <test started-at="2024-12-31T02:25:27 EET" name="Command line test" finished-at="2024-12-31T02:25:52 EET" duration-ms="25503">
      <class name="BookingReservation">
        <test-method is-config="true" signature="setUp()[pri:0, instance:BookingReservation@4de5031f]" started-at="2024-12-31T02:25:27 EET" name="setUp" finished-at="2024-12-31T02:25:30 EET" duration-ms="3154" status="PASS">
          <reporter-output>
          </reporter-output>
        </test-method> <!-- setUp -->
        <test-method signature="searchForHotels(java.lang.String,java.lang.String,java.lang.String)[pri:1, instance:BookingReservation@4de5031f]" started-at="2024-12-31T02:25:31 EET" name="searchForHotels" data-provider="ReservationData" finished-at="2024-12-31T02:25:46 EET" duration-ms="15110" status="PASS">
          <params>
            <param index="0">
              <value>
                <![CDATA[Alexandria]]>
              </value>
            </param>
            <param index="1">
              <value>
                <![CDATA[2025-01-20]]>
              </value>
            </param>
            <param index="2">
              <value>
                <![CDATA[2025-01-29]]>
              </value>
            </param>
          </params>
          <reporter-output>
          </reporter-output>
        </test-method> <!-- searchForHotels -->
        <test-method signature="completeHotelReservation()[pri:2, instance:BookingReservation@4de5031f]" started-at="2024-12-31T02:25:46 EET" name="completeHotelReservation" finished-at="2024-12-31T02:25:52 EET" duration-ms="6363" status="PASS">
          <reporter-output>
          </reporter-output>
        </test-method> <!-- completeHotelReservation -->
        <test-method signature="verifyHotelDetailsInReservationPage()[pri:3, instance:BookingReservation@4de5031f]" started-at="2024-12-31T02:25:52 EET" name="verifyHotelDetailsInReservationPage" finished-at="2024-12-31T02:25:52 EET" duration-ms="98" status="PASS">
          <reporter-output>
          </reporter-output>
        </test-method> <!-- verifyHotelDetailsInReservationPage -->
        <test-method is-config="true" signature="teardown()[pri:0, instance:BookingReservation@4de5031f]" started-at="2024-12-31T02:25:52 EET" name="teardown" finished-at="2024-12-31T02:25:52 EET" duration-ms="195" status="PASS">
          <reporter-output>
          </reporter-output>
        </test-method> <!-- teardown -->
      </class> <!-- BookingReservation -->
    </test> <!-- Command line test -->
  </suite> <!-- BookingReservation -->
</testng-results>
