<?xml version="1.0" encoding="UTF-8"?>
<!-- Generated by org.testng.reporters.JUnitXMLReporter -->
<testsuite ignored="0" hostname="LAPTOP-TLR28ILL" failures="0" tests="3" name="Command line test" time="25.503" errors="0" timestamp="2024-12-31T02:25:52 EET">
  <testcase classname="BookingReservation" name="searchForHotels" time="15.11"/>
  <testcase classname="BookingReservation" name="completeHotelReservation" time="6.363"/>
  <testcase classname="BookingReservation" name="verifyHotelDetailsInReservationPage" time="0.098"/>
</testsuite> <!-- Command line test -->
